{"/home/lakshya/Desktop/MY_practise/TDD-Jest-practise/analyseArray.js": {"path":"/home/lakshya/Desktop/MY_practise/TDD-Jest-practise/analyseArray.js","all":false,"statementMap":{"0":{"start":{"line":1,"column":0},"end":{"line":1,"column":28}},"1":{"start":{"line":2,"column":0},"end":{"line":2,"column":68}},"2":{"start":{"line":3,"column":0},"end":{"line":3,"column":29}},"3":{"start":{"line":4,"column":0},"end":{"line":4,"column":29}},"4":{"start":{"line":5,"column":0},"end":{"line":5,"column":26}},"5":{"start":{"line":6,"column":0},"end":{"line":6,"column":0}},"6":{"start":{"line":7,"column":0},"end":{"line":7,"column":39}},"7":{"start":{"line":8,"column":0},"end":{"line":8,"column":1}},"8":{"start":{"line":9,"column":0},"end":{"line":9,"column":0}},"9":{"start":{"line":10,"column":0},"end":{"line":10,"column":28}}},"s":{"0":1,"1":1,"2":1,"3":1,"4":1,"5":1,"6":1,"7":1,"8":1,"9":1},"branchMap":{"0":{"type":"branch","line":1,"loc":{"start":{"line":1,"column":0},"end":{"line":8,"column":1}},"locations":[{"start":{"line":1,"column":0},"end":{"line":8,"column":1}}]},"1":{"type":"branch","line":2,"loc":{"start":{"line":2,"column":27},"end":{"line":2,"column":50}},"locations":[{"start":{"line":2,"column":27},"end":{"line":2,"column":50}}]}},"b":{"0":[1],"1":[6]},"fnMap":{"0":{"name":"analyseArray","decl":{"start":{"line":1,"column":0},"end":{"line":8,"column":1}},"loc":{"start":{"line":1,"column":0},"end":{"line":8,"column":1}},"line":1}},"f":{"0":1}}
,"/home/lakshya/Desktop/MY_practise/TDD-Jest-practise/caesarCipher.js": {"path":"/home/lakshya/Desktop/MY_practise/TDD-Jest-practise/caesarCipher.js","all":false,"statementMap":{"0":{"start":{"line":1,"column":0},"end":{"line":1,"column":44}},"1":{"start":{"line":2,"column":0},"end":{"line":2,"column":21}},"2":{"start":{"line":3,"column":0},"end":{"line":3,"column":43}},"3":{"start":{"line":4,"column":0},"end":{"line":4,"column":40}},"4":{"start":{"line":5,"column":0},"end":{"line":5,"column":80}},"5":{"start":{"line":6,"column":0},"end":{"line":6,"column":52}},"6":{"start":{"line":7,"column":0},"end":{"line":7,"column":15}},"7":{"start":{"line":8,"column":0},"end":{"line":8,"column":78}},"8":{"start":{"line":9,"column":0},"end":{"line":9,"column":45}},"9":{"start":{"line":10,"column":0},"end":{"line":10,"column":47}},"10":{"start":{"line":11,"column":0},"end":{"line":11,"column":45}},"11":{"start":{"line":12,"column":0},"end":{"line":12,"column":12}},"12":{"start":{"line":13,"column":0},"end":{"line":13,"column":30}},"13":{"start":{"line":14,"column":0},"end":{"line":14,"column":5}},"14":{"start":{"line":15,"column":0},"end":{"line":15,"column":50}},"15":{"start":{"line":16,"column":0},"end":{"line":16,"column":3}},"16":{"start":{"line":17,"column":0},"end":{"line":17,"column":40}},"17":{"start":{"line":18,"column":0},"end":{"line":18,"column":22}},"18":{"start":{"line":19,"column":0},"end":{"line":19,"column":1}},"19":{"start":{"line":20,"column":0},"end":{"line":20,"column":0}},"20":{"start":{"line":21,"column":0},"end":{"line":21,"column":28}}},"s":{"0":4,"1":4,"2":4,"3":24,"4":24,"5":3,"6":3,"7":24,"8":0,"9":21,"10":3,"11":21,"12":18,"13":18,"14":21,"15":21,"16":4,"17":4,"18":4,"19":1,"20":1},"branchMap":{"0":{"type":"branch","line":1,"loc":{"start":{"line":1,"column":0},"end":{"line":19,"column":1}},"locations":[{"start":{"line":1,"column":0},"end":{"line":19,"column":1}}]},"1":{"type":"branch","line":3,"loc":{"start":{"line":3,"column":42},"end":{"line":16,"column":3}},"locations":[{"start":{"line":3,"column":42},"end":{"line":16,"column":3}}]},"2":{"type":"branch","line":5,"loc":{"start":{"line":5,"column":21},"end":{"line":5,"column":59}},"locations":[{"start":{"line":5,"column":21},"end":{"line":5,"column":59}}]},"3":{"type":"branch","line":5,"loc":{"start":{"line":5,"column":40},"end":{"line":5,"column":59}},"locations":[{"start":{"line":5,"column":40},"end":{"line":5,"column":59}}]},"4":{"type":"branch","line":5,"loc":{"start":{"line":5,"column":59},"end":{"line":5,"column":77}},"locations":[{"start":{"line":5,"column":59},"end":{"line":5,"column":77}}]},"5":{"type":"branch","line":5,"loc":{"start":{"line":5,"column":79},"end":{"line":8,"column":5}},"locations":[{"start":{"line":5,"column":79},"end":{"line":8,"column":5}}]},"6":{"type":"branch","line":8,"loc":{"start":{"line":8,"column":5},"end":{"line":16,"column":3}},"locations":[{"start":{"line":8,"column":5},"end":{"line":16,"column":3}}]},"7":{"type":"branch","line":8,"loc":{"start":{"line":8,"column":43},"end":{"line":8,"column":75}},"locations":[{"start":{"line":8,"column":43},"end":{"line":8,"column":75}}]},"8":{"type":"branch","line":8,"loc":{"start":{"line":8,"column":77},"end":{"line":10,"column":5}},"locations":[{"start":{"line":8,"column":77},"end":{"line":10,"column":5}}]},"9":{"type":"branch","line":10,"loc":{"start":{"line":10,"column":46},"end":{"line":12,"column":5}},"locations":[{"start":{"line":10,"column":46},"end":{"line":12,"column":5}}]},"10":{"type":"branch","line":12,"loc":{"start":{"line":12,"column":5},"end":{"line":14,"column":5}},"locations":[{"start":{"line":12,"column":5},"end":{"line":14,"column":5}}]}},"b":{"0":[4],"1":[24],"2":[21],"3":[16],"4":[21],"5":[3],"6":[21],"7":[16],"8":[0],"9":[3],"10":[18]},"fnMap":{"0":{"name":"caesarCipher","decl":{"start":{"line":1,"column":0},"end":{"line":19,"column":1}},"loc":{"start":{"line":1,"column":0},"end":{"line":19,"column":1}},"line":1}},"f":{"0":4}}
,"/home/lakshya/Desktop/MY_practise/TDD-Jest-practise/calculator.js": {"path":"/home/lakshya/Desktop/MY_practise/TDD-Jest-practise/calculator.js","all":false,"statementMap":{"0":{"start":{"line":1,"column":0},"end":{"line":1,"column":18}},"1":{"start":{"line":2,"column":0},"end":{"line":2,"column":18}},"2":{"start":{"line":3,"column":0},"end":{"line":3,"column":17}},"3":{"start":{"line":4,"column":0},"end":{"line":4,"column":4}},"4":{"start":{"line":5,"column":0},"end":{"line":5,"column":23}},"5":{"start":{"line":6,"column":0},"end":{"line":6,"column":17}},"6":{"start":{"line":7,"column":0},"end":{"line":7,"column":4}},"7":{"start":{"line":8,"column":0},"end":{"line":8,"column":23}},"8":{"start":{"line":9,"column":0},"end":{"line":9,"column":17}},"9":{"start":{"line":10,"column":0},"end":{"line":10,"column":4}},"10":{"start":{"line":11,"column":0},"end":{"line":11,"column":21}},"11":{"start":{"line":12,"column":0},"end":{"line":12,"column":17}},"12":{"start":{"line":13,"column":0},"end":{"line":13,"column":4}},"13":{"start":{"line":14,"column":0},"end":{"line":14,"column":2}},"14":{"start":{"line":15,"column":0},"end":{"line":15,"column":0}},"15":{"start":{"line":16,"column":0},"end":{"line":16,"column":26}}},"s":{"0":1,"1":1,"2":1,"3":1,"4":1,"5":1,"6":1,"7":1,"8":1,"9":1,"10":1,"11":1,"12":1,"13":1,"14":1,"15":1},"branchMap":{"0":{"type":"branch","line":2,"loc":{"start":{"line":2,"column":7},"end":{"line":4,"column":3}},"locations":[{"start":{"line":2,"column":7},"end":{"line":4,"column":3}}]},"1":{"type":"branch","line":5,"loc":{"start":{"line":5,"column":12},"end":{"line":7,"column":3}},"locations":[{"start":{"line":5,"column":12},"end":{"line":7,"column":3}}]},"2":{"type":"branch","line":8,"loc":{"start":{"line":8,"column":12},"end":{"line":10,"column":3}},"locations":[{"start":{"line":8,"column":12},"end":{"line":10,"column":3}}]},"3":{"type":"branch","line":11,"loc":{"start":{"line":11,"column":10},"end":{"line":13,"column":4}},"locations":[{"start":{"line":11,"column":10},"end":{"line":13,"column":4}}]}},"b":{"0":[1],"1":[1],"2":[1],"3":[1]},"fnMap":{"0":{"name":"add","decl":{"start":{"line":2,"column":7},"end":{"line":4,"column":3}},"loc":{"start":{"line":2,"column":7},"end":{"line":4,"column":3}},"line":2},"1":{"name":"subtract","decl":{"start":{"line":5,"column":12},"end":{"line":7,"column":3}},"loc":{"start":{"line":5,"column":12},"end":{"line":7,"column":3}},"line":5},"2":{"name":"multiply","decl":{"start":{"line":8,"column":12},"end":{"line":10,"column":3}},"loc":{"start":{"line":8,"column":12},"end":{"line":10,"column":3}},"line":8},"3":{"name":"divide","decl":{"start":{"line":11,"column":10},"end":{"line":13,"column":4}},"loc":{"start":{"line":11,"column":10},"end":{"line":13,"column":4}},"line":11}},"f":{"0":1,"1":1,"2":1,"3":1}}
,"/home/lakshya/Desktop/MY_practise/TDD-Jest-practise/capitalise.js": {"path":"/home/lakshya/Desktop/MY_practise/TDD-Jest-practise/capitalise.js","all":false,"statementMap":{"0":{"start":{"line":1,"column":0},"end":{"line":1,"column":29}},"1":{"start":{"line":2,"column":0},"end":{"line":2,"column":40}},"2":{"start":{"line":3,"column":0},"end":{"line":3,"column":43}},"3":{"start":{"line":4,"column":0},"end":{"line":4,"column":26}},"4":{"start":{"line":5,"column":0},"end":{"line":5,"column":3}},"5":{"start":{"line":6,"column":0},"end":{"line":6,"column":35}},"6":{"start":{"line":7,"column":0},"end":{"line":7,"column":21}},"7":{"start":{"line":8,"column":0},"end":{"line":8,"column":1}},"8":{"start":{"line":9,"column":0},"end":{"line":9,"column":0}},"9":{"start":{"line":10,"column":0},"end":{"line":10,"column":26}}},"s":{"0":1,"1":1,"2":1,"3":4,"4":4,"5":1,"6":1,"7":1,"8":1,"9":1},"branchMap":{"0":{"type":"branch","line":1,"loc":{"start":{"line":1,"column":0},"end":{"line":8,"column":1}},"locations":[{"start":{"line":1,"column":0},"end":{"line":8,"column":1}}]},"1":{"type":"branch","line":3,"loc":{"start":{"line":3,"column":42},"end":{"line":5,"column":3}},"locations":[{"start":{"line":3,"column":42},"end":{"line":5,"column":3}}]}},"b":{"0":[1],"1":[4]},"fnMap":{"0":{"name":"capitalise","decl":{"start":{"line":1,"column":0},"end":{"line":8,"column":1}},"loc":{"start":{"line":1,"column":0},"end":{"line":8,"column":1}},"line":1}},"f":{"0":1}}
,"/home/lakshya/Desktop/MY_practise/TDD-Jest-practise/reverseString.js": {"path":"/home/lakshya/Desktop/MY_practise/TDD-Jest-practise/reverseString.js","all":false,"statementMap":{"0":{"start":{"line":1,"column":0},"end":{"line":1,"column":32}},"1":{"start":{"line":2,"column":0},"end":{"line":2,"column":22}},"2":{"start":{"line":3,"column":0},"end":{"line":3,"column":48}},"3":{"start":{"line":4,"column":0},"end":{"line":4,"column":31}},"4":{"start":{"line":5,"column":0},"end":{"line":5,"column":3}},"5":{"start":{"line":6,"column":0},"end":{"line":6,"column":42}},"6":{"start":{"line":7,"column":0},"end":{"line":7,"column":23}},"7":{"start":{"line":8,"column":0},"end":{"line":8,"column":1}},"8":{"start":{"line":9,"column":0},"end":{"line":9,"column":0}},"9":{"start":{"line":10,"column":0},"end":{"line":10,"column":29}}},"s":{"0":1,"1":1,"2":1,"3":5,"4":5,"5":1,"6":1,"7":1,"8":1,"9":1},"branchMap":{"0":{"type":"branch","line":1,"loc":{"start":{"line":1,"column":0},"end":{"line":8,"column":1}},"locations":[{"start":{"line":1,"column":0},"end":{"line":8,"column":1}}]},"1":{"type":"branch","line":3,"loc":{"start":{"line":3,"column":47},"end":{"line":5,"column":3}},"locations":[{"start":{"line":3,"column":47},"end":{"line":5,"column":3}}]}},"b":{"0":[1],"1":[5]},"fnMap":{"0":{"name":"reverseString","decl":{"start":{"line":1,"column":0},"end":{"line":8,"column":1}},"loc":{"start":{"line":1,"column":0},"end":{"line":8,"column":1}},"line":1}},"f":{"0":1}}
}
