TN:
SF:analyseArray.js
FN:1,analyseArray
FNF:1
FNH:1
FNDA:1,analyseArray
DA:1,1
DA:2,1
DA:3,1
DA:4,1
DA:5,1
DA:6,1
DA:7,1
DA:8,1
DA:9,1
DA:10,1
LF:10
LH:10
BRDA:1,0,0,1
BRDA:2,1,0,6
BRF:2
BRH:2
end_of_record
TN:
SF:caesarCipher.js
FN:1,caesarCipher
FNF:1
FNH:1
FNDA:4,caesarCipher
DA:1,4
DA:2,4
DA:3,4
DA:4,24
DA:5,24
DA:6,3
DA:7,3
DA:8,24
DA:9,0
DA:10,21
DA:11,3
DA:12,21
DA:13,18
DA:14,18
DA:15,21
DA:16,21
DA:17,4
DA:18,4
DA:19,4
DA:20,1
DA:21,1
LF:21
LH:20
BRDA:1,0,0,4
BRDA:3,1,0,24
BRDA:5,2,0,21
BRDA:5,3,0,16
BRDA:5,4,0,21
BRDA:5,5,0,3
BRDA:8,6,0,21
BRDA:8,7,0,16
BRDA:8,8,0,0
BRDA:10,9,0,3
BRDA:12,10,0,18
BRF:11
BRH:10
end_of_record
TN:
SF:calculator.js
FN:2,add
FN:5,subtract
FN:8,multiply
FN:11,divide
FNF:4
FNH:4
FNDA:1,add
FNDA:1,subtract
FNDA:1,multiply
FNDA:1,divide
DA:1,1
DA:2,1
DA:3,1
DA:4,1
DA:5,1
DA:6,1
DA:7,1
DA:8,1
DA:9,1
DA:10,1
DA:11,1
DA:12,1
DA:13,1
DA:14,1
DA:15,1
DA:16,1
LF:16
LH:16
BRDA:2,0,0,1
BRDA:5,1,0,1
BRDA:8,2,0,1
BRDA:11,3,0,1
BRF:4
BRH:4
end_of_record
TN:
SF:capitalise.js
FN:1,capitalise
FNF:1
FNH:1
FNDA:1,capitalise
DA:1,1
DA:2,1
DA:3,1
DA:4,4
DA:5,4
DA:6,1
DA:7,1
DA:8,1
DA:9,1
DA:10,1
LF:10
LH:10
BRDA:1,0,0,1
BRDA:3,1,0,4
BRF:2
BRH:2
end_of_record
TN:
SF:reverseString.js
FN:1,reverseString
FNF:1
FNH:1
FNDA:1,reverseString
DA:1,1
DA:2,1
DA:3,1
DA:4,5
DA:5,5
DA:6,1
DA:7,1
DA:8,1
DA:9,1
DA:10,1
LF:10
LH:10
BRDA:1,0,0,1
BRDA:3,1,0,5
BRF:2
BRH:2
end_of_record
